!SESSION 2016-01-15 16:50:05.240 -----------------------------------------------
eclipse.buildId=unknown
java.version=1.8.0_65
java.vendor=Oracle Corporation
BootLoader constants: OS=linux, ARCH=x86_64, WS=gtk, NL=fr_FR
Command-line arguments:  -dev file:/home/steve/Bureau/Nostromo/workspace/osgi/sources-dev/.metadata/.plugins/org.eclipse.pde.core/myConf/dev.properties -os linux -ws gtk -arch x86_64 -consoleLog -console

!ENTRY org.eclipse.equinox.app 4 0 2016-01-15 16:50:07.723
!MESSAGE FrameworkEvent ERROR
!STACK 0
org.osgi.framework.BundleException: Could not resolve module: org.eclipse.equinox.app [5]
  Unresolved requirement: Import-Package: org.osgi.service.event; version="1.0.0"; resolution:="optional"
  Unresolved requirement: Require-Bundle: org.eclipse.equinox.registry; bundle-version="[3.4.0,4.0.0)"

	at org.eclipse.osgi.container.Module.start(Module.java:434)
	at org.eclipse.osgi.container.ModuleContainer$ContainerStartLevel.incStartLevel(ModuleContainer.java:1582)
	at org.eclipse.osgi.container.ModuleContainer$ContainerStartLevel.incStartLevel(ModuleContainer.java:1562)
	at org.eclipse.osgi.container.ModuleContainer$ContainerStartLevel.doContainerStartLevel(ModuleContainer.java:1533)
	at org.eclipse.osgi.container.ModuleContainer$ContainerStartLevel.dispatchEvent(ModuleContainer.java:1476)
	at org.eclipse.osgi.container.ModuleContainer$ContainerStartLevel.dispatchEvent(ModuleContainer.java:1)
	at org.eclipse.osgi.framework.eventmgr.EventManager.dispatchEvent(EventManager.java:230)
	at org.eclipse.osgi.framework.eventmgr.EventManager$EventThread.run(EventManager.java:340)

!ENTRY org.eclipse.osgi 4 0 2016-01-15 16:50:08.197
!MESSAGE Bundle initial@reference:file:plugins/org.eclipse.equinox.app_1.3.300.v20150423-1356.jar was not resolved.

!ENTRY org.eclipse.osgi 4 0 2016-01-15 16:50:08.198
!MESSAGE Could not find bundle: org.eclipse.equinox.console
!STACK 0
org.osgi.framework.BundleException: Could not find bundle: org.eclipse.equinox.console
	at org.eclipse.core.runtime.internal.adaptor.ConsoleManager.checkForConsoleBundle(ConsoleManager.java:58)
	at org.eclipse.core.runtime.adaptor.EclipseStarter.startup(EclipseStarter.java:331)
	at org.eclipse.core.runtime.adaptor.EclipseStarter.run(EclipseStarter.java:231)
	at sun.reflect.NativeMethodAccessorImpl.invoke0(Native Method)
	at sun.reflect.NativeMethodAccessorImpl.invoke(NativeMethodAccessorImpl.java:62)
	at sun.reflect.DelegatingMethodAccessorImpl.invoke(DelegatingMethodAccessorImpl.java:43)
	at java.lang.reflect.Method.invoke(Method.java:497)
	at org.eclipse.equinox.launcher.Main.invokeFramework(Main.java:669)
	at org.eclipse.equinox.launcher.Main.basicRun(Main.java:608)
	at org.eclipse.equinox.launcher.Main.run(Main.java:1515)
	at org.eclipse.equinox.launcher.Main.main(Main.java:1488)
