!SESSION 2016-01-30 16:57:52.585 -----------------------------------------------
eclipse.buildId=unknown
java.version=1.8.0_65
java.vendor=Oracle Corporation
BootLoader constants: OS=linux, ARCH=x86_64, WS=gtk, NL=fr_FR
Command-line arguments:  -dev file:/home/steve/Bureau/Nostromo/workspace/osgi/sources-dev/.metadata/.plugins/org.eclipse.pde.core/myConf/dev.properties -os linux -ws gtk -arch x86_64 -consoleLog -console

!ENTRY m2dl.osgi.parser 4 0 2016-01-30 16:57:53.084
!MESSAGE FrameworkEvent ERROR
!STACK 0
org.osgi.framework.BundleException: Exception in m2dl.osgi.parser.Activator.start() of bundle m2dl.osgi.parser.
	at org.eclipse.osgi.internal.framework.BundleContextImpl.startActivator(BundleContextImpl.java:792)
	at org.eclipse.osgi.internal.framework.BundleContextImpl.start(BundleContextImpl.java:721)
	at org.eclipse.osgi.internal.framework.EquinoxBundle.startWorker0(EquinoxBundle.java:941)
	at org.eclipse.osgi.internal.framework.EquinoxBundle$EquinoxModule.startWorker(EquinoxBundle.java:318)
	at org.eclipse.osgi.container.Module.doStart(Module.java:571)
	at org.eclipse.osgi.container.Module.start(Module.java:439)
	at org.eclipse.osgi.container.ModuleContainer$ContainerStartLevel.incStartLevel(ModuleContainer.java:1582)
	at org.eclipse.osgi.container.ModuleContainer$ContainerStartLevel.incStartLevel(ModuleContainer.java:1562)
	at org.eclipse.osgi.container.ModuleContainer$ContainerStartLevel.doContainerStartLevel(ModuleContainer.java:1533)
	at org.eclipse.osgi.container.SystemModule.startWorker(SystemModule.java:242)
	at org.eclipse.osgi.container.Module.doStart(Module.java:571)
	at org.eclipse.osgi.container.Module.start(Module.java:439)
	at org.eclipse.osgi.container.SystemModule.start(SystemModule.java:172)
	at org.eclipse.osgi.internal.framework.EquinoxBundle.start(EquinoxBundle.java:392)
	at org.eclipse.osgi.internal.framework.EquinoxBundle.start(EquinoxBundle.java:411)
	at org.eclipse.osgi.launch.Equinox.start(Equinox.java:115)
	at org.eclipse.core.runtime.adaptor.EclipseStarter.startup(EclipseStarter.java:318)
	at org.eclipse.core.runtime.adaptor.EclipseStarter.run(EclipseStarter.java:231)
	at sun.reflect.NativeMethodAccessorImpl.invoke0(Native Method)
	at sun.reflect.NativeMethodAccessorImpl.invoke(NativeMethodAccessorImpl.java:62)
	at sun.reflect.DelegatingMethodAccessorImpl.invoke(DelegatingMethodAccessorImpl.java:43)
	at java.lang.reflect.Method.invoke(Method.java:497)
	at org.eclipse.equinox.launcher.Main.invokeFramework(Main.java:669)
	at org.eclipse.equinox.launcher.Main.basicRun(Main.java:608)
	at org.eclipse.equinox.launcher.Main.run(Main.java:1515)
	at org.eclipse.equinox.launcher.Main.main(Main.java:1488)
Caused by: java.lang.NullPointerException
	at m2dl.osgi.parser.Activator.start(Activator.java:28)
	at org.eclipse.osgi.internal.framework.BundleContextImpl$3.run(BundleContextImpl.java:771)
	at org.eclipse.osgi.internal.framework.BundleContextImpl$3.run(BundleContextImpl.java:1)
	at java.security.AccessController.doPrivileged(Native Method)
	at org.eclipse.osgi.internal.framework.BundleContextImpl.startActivator(BundleContextImpl.java:764)
	... 25 more
Root exception:
java.lang.NullPointerException
	at m2dl.osgi.parser.Activator.start(Activator.java:28)
	at org.eclipse.osgi.internal.framework.BundleContextImpl$3.run(BundleContextImpl.java:771)
	at org.eclipse.osgi.internal.framework.BundleContextImpl$3.run(BundleContextImpl.java:1)
	at java.security.AccessController.doPrivileged(Native Method)
	at org.eclipse.osgi.internal.framework.BundleContextImpl.startActivator(BundleContextImpl.java:764)
	at org.eclipse.osgi.internal.framework.BundleContextImpl.start(BundleContextImpl.java:721)
	at org.eclipse.osgi.internal.framework.EquinoxBundle.startWorker0(EquinoxBundle.java:941)
	at org.eclipse.osgi.internal.framework.EquinoxBundle$EquinoxModule.startWorker(EquinoxBundle.java:318)
	at org.eclipse.osgi.container.Module.doStart(Module.java:571)
	at org.eclipse.osgi.container.Module.start(Module.java:439)
	at org.eclipse.osgi.container.ModuleContainer$ContainerStartLevel.incStartLevel(ModuleContainer.java:1582)
	at org.eclipse.osgi.container.ModuleContainer$ContainerStartLevel.incStartLevel(ModuleContainer.java:1562)
	at org.eclipse.osgi.container.ModuleContainer$ContainerStartLevel.doContainerStartLevel(ModuleContainer.java:1533)
	at org.eclipse.osgi.container.SystemModule.startWorker(SystemModule.java:242)
	at org.eclipse.osgi.container.Module.doStart(Module.java:571)
	at org.eclipse.osgi.container.Module.start(Module.java:439)
	at org.eclipse.osgi.container.SystemModule.start(SystemModule.java:172)
	at org.eclipse.osgi.internal.framework.EquinoxBundle.start(EquinoxBundle.java:392)
	at org.eclipse.osgi.internal.framework.EquinoxBundle.start(EquinoxBundle.java:411)
	at org.eclipse.osgi.launch.Equinox.start(Equinox.java:115)
	at org.eclipse.core.runtime.adaptor.EclipseStarter.startup(EclipseStarter.java:318)
	at org.eclipse.core.runtime.adaptor.EclipseStarter.run(EclipseStarter.java:231)
	at sun.reflect.NativeMethodAccessorImpl.invoke0(Native Method)
	at sun.reflect.NativeMethodAccessorImpl.invoke(NativeMethodAccessorImpl.java:62)
	at sun.reflect.DelegatingMethodAccessorImpl.invoke(DelegatingMethodAccessorImpl.java:43)
	at java.lang.reflect.Method.invoke(Method.java:497)
	at org.eclipse.equinox.launcher.Main.invokeFramework(Main.java:669)
	at org.eclipse.equinox.launcher.Main.basicRun(Main.java:608)
	at org.eclipse.equinox.launcher.Main.run(Main.java:1515)
	at org.eclipse.equinox.launcher.Main.main(Main.java:1488)

!ENTRY org.eclipse.osgi 2 0 2016-01-30 16:57:58.350
!MESSAGE While loading class "com.sun.prism.GraphicsPipeline", thread "Thread[QuantumRenderer-0,5,main]" timed out waiting (5000ms) for thread "Thread[Start Level: Equinox Container: 90db4c38-6ac7-0015-147e-efc00ae1e7c9,5,main]" to finish starting bundle "m2dl.osgi.editor_1.0.0 [16]". To avoid deadlock, thread "Thread[QuantumRenderer-0,5,main]" is proceeding but "com.sun.prism.GraphicsPipeline" may not be fully initialized.
!STACK 0
org.osgi.framework.BundleException: Unable to acquire the state change lock for the module: osgi.identity; osgi.identity="m2dl.osgi.editor"; type="osgi.bundle"; version:Version="1.0.0"; singleton:="true" [id=16] STARTED [STARTED]
	at org.eclipse.osgi.container.Module.lockStateChange(Module.java:329)
	at org.eclipse.osgi.container.Module.start(Module.java:389)
	at org.eclipse.osgi.framework.util.SecureAction.start(SecureAction.java:454)
	at org.eclipse.osgi.internal.hooks.EclipseLazyStarter.postFindLocalClass(EclipseLazyStarter.java:107)
	at org.eclipse.osgi.internal.loader.classpath.ClasspathManager.findLocalClass(ClasspathManager.java:531)
	at org.eclipse.osgi.internal.loader.ModuleClassLoader.findLocalClass(ModuleClassLoader.java:324)
	at org.eclipse.osgi.internal.loader.BundleLoader.findLocalClass(BundleLoader.java:327)
	at org.eclipse.osgi.internal.loader.BundleLoader.findClassInternal(BundleLoader.java:402)
	at org.eclipse.osgi.internal.loader.BundleLoader.findClass(BundleLoader.java:352)
	at org.eclipse.osgi.internal.loader.BundleLoader.findClass(BundleLoader.java:344)
	at org.eclipse.osgi.internal.loader.ModuleClassLoader.loadClass(ModuleClassLoader.java:160)
	at java.lang.ClassLoader.loadClass(ClassLoader.java:357)
	at com.sun.javafx.tk.quantum.QuantumRenderer$PipelineRunnable.init(QuantumRenderer.java:91)
	at com.sun.javafx.tk.quantum.QuantumRenderer$PipelineRunnable.run(QuantumRenderer.java:124)
	at java.lang.Thread.run(Thread.java:745)

!ENTRY org.eclipse.osgi 2 0 2016-01-30 16:58:03.352
!MESSAGE While loading class "com.sun.javafx.font.FontFactory", thread "Thread[QuantumRenderer-0,5,main]" timed out waiting (5000ms) for thread "Thread[Start Level: Equinox Container: 90db4c38-6ac7-0015-147e-efc00ae1e7c9,5,main]" to finish starting bundle "m2dl.osgi.editor_1.0.0 [16]". To avoid deadlock, thread "Thread[QuantumRenderer-0,5,main]" is proceeding but "com.sun.javafx.font.FontFactory" may not be fully initialized.
!STACK 0
org.osgi.framework.BundleException: Unable to acquire the state change lock for the module: osgi.identity; osgi.identity="m2dl.osgi.editor"; type="osgi.bundle"; version:Version="1.0.0"; singleton:="true" [id=16] STARTED [STARTED]
	at org.eclipse.osgi.container.Module.lockStateChange(Module.java:329)
	at org.eclipse.osgi.container.Module.start(Module.java:389)
	at org.eclipse.osgi.framework.util.SecureAction.start(SecureAction.java:454)
	at org.eclipse.osgi.internal.hooks.EclipseLazyStarter.postFindLocalClass(EclipseLazyStarter.java:107)
	at org.eclipse.osgi.internal.loader.classpath.ClasspathManager.findLocalClass(ClasspathManager.java:531)
	at org.eclipse.osgi.internal.loader.ModuleClassLoader.findLocalClass(ModuleClassLoader.java:324)
	at org.eclipse.osgi.internal.loader.BundleLoader.findLocalClass(BundleLoader.java:327)
	at org.eclipse.osgi.internal.loader.BundleLoader.findClassInternal(BundleLoader.java:402)
	at org.eclipse.osgi.internal.loader.BundleLoader.findClass(BundleLoader.java:352)
	at org.eclipse.osgi.internal.loader.BundleLoader.findClass(BundleLoader.java:344)
	at org.eclipse.osgi.internal.loader.ModuleClassLoader.loadClass(ModuleClassLoader.java:160)
	at java.lang.ClassLoader.loadClass(ClassLoader.java:357)
	at com.sun.javafx.tk.quantum.QuantumRenderer$PipelineRunnable.init(QuantumRenderer.java:91)
	at com.sun.javafx.tk.quantum.QuantumRenderer$PipelineRunnable.run(QuantumRenderer.java:124)
	at java.lang.Thread.run(Thread.java:745)

!ENTRY org.eclipse.osgi 2 0 2016-01-30 16:58:08.357
!MESSAGE While loading class "com.sun.prism.es2.ES2Pipeline", thread "Thread[QuantumRenderer-0,5,main]" timed out waiting (5001ms) for thread "Thread[Start Level: Equinox Container: 90db4c38-6ac7-0015-147e-efc00ae1e7c9,5,main]" to finish starting bundle "m2dl.osgi.editor_1.0.0 [16]". To avoid deadlock, thread "Thread[QuantumRenderer-0,5,main]" is proceeding but "com.sun.prism.es2.ES2Pipeline" may not be fully initialized.
!STACK 0
org.osgi.framework.BundleException: Unable to acquire the state change lock for the module: osgi.identity; osgi.identity="m2dl.osgi.editor"; type="osgi.bundle"; version:Version="1.0.0"; singleton:="true" [id=16] STARTED [STARTED]
	at org.eclipse.osgi.container.Module.lockStateChange(Module.java:329)
	at org.eclipse.osgi.container.Module.start(Module.java:389)
	at org.eclipse.osgi.framework.util.SecureAction.start(SecureAction.java:454)
	at org.eclipse.osgi.internal.hooks.EclipseLazyStarter.postFindLocalClass(EclipseLazyStarter.java:107)
	at org.eclipse.osgi.internal.loader.classpath.ClasspathManager.findLocalClass(ClasspathManager.java:531)
	at org.eclipse.osgi.internal.loader.ModuleClassLoader.findLocalClass(ModuleClassLoader.java:324)
	at org.eclipse.osgi.internal.loader.BundleLoader.findLocalClass(BundleLoader.java:327)
	at org.eclipse.osgi.internal.loader.BundleLoader.findClassInternal(BundleLoader.java:402)
	at org.eclipse.osgi.internal.loader.BundleLoader.findClass(BundleLoader.java:352)
	at org.eclipse.osgi.internal.loader.BundleLoader.findClass(BundleLoader.java:344)
	at org.eclipse.osgi.internal.loader.ModuleClassLoader.loadClass(ModuleClassLoader.java:160)
	at java.lang.ClassLoader.loadClass(ClassLoader.java:357)
	at java.lang.Class.forName0(Native Method)
	at java.lang.Class.forName(Class.java:264)
	at com.sun.prism.GraphicsPipeline.createPipeline(GraphicsPipeline.java:187)
	at com.sun.javafx.tk.quantum.QuantumRenderer$PipelineRunnable.init(QuantumRenderer.java:91)
	at com.sun.javafx.tk.quantum.QuantumRenderer$PipelineRunnable.run(QuantumRenderer.java:124)
	at java.lang.Thread.run(Thread.java:745)

!ENTRY org.eclipse.osgi 2 0 2016-01-30 16:58:13.359
!MESSAGE While loading class "com.sun.prism.ResourceFactory", thread "Thread[QuantumRenderer-0,5,main]" timed out waiting (5000ms) for thread "Thread[Start Level: Equinox Container: 90db4c38-6ac7-0015-147e-efc00ae1e7c9,5,main]" to finish starting bundle "m2dl.osgi.editor_1.0.0 [16]". To avoid deadlock, thread "Thread[QuantumRenderer-0,5,main]" is proceeding but "com.sun.prism.ResourceFactory" may not be fully initialized.
!STACK 0
org.osgi.framework.BundleException: Unable to acquire the state change lock for the module: osgi.identity; osgi.identity="m2dl.osgi.editor"; type="osgi.bundle"; version:Version="1.0.0"; singleton:="true" [id=16] STARTED [STARTED]
	at org.eclipse.osgi.container.Module.lockStateChange(Module.java:329)
	at org.eclipse.osgi.container.Module.start(Module.java:389)
	at org.eclipse.osgi.framework.util.SecureAction.start(SecureAction.java:454)
	at org.eclipse.osgi.internal.hooks.EclipseLazyStarter.postFindLocalClass(EclipseLazyStarter.java:107)
	at org.eclipse.osgi.internal.loader.classpath.ClasspathManager.findLocalClass(ClasspathManager.java:531)
	at org.eclipse.osgi.internal.loader.ModuleClassLoader.findLocalClass(ModuleClassLoader.java:324)
	at org.eclipse.osgi.internal.loader.BundleLoader.findLocalClass(BundleLoader.java:327)
	at org.eclipse.osgi.internal.loader.BundleLoader.findClassInternal(BundleLoader.java:402)
	at org.eclipse.osgi.internal.loader.BundleLoader.findClass(BundleLoader.java:352)
	at org.eclipse.osgi.internal.loader.BundleLoader.findClass(BundleLoader.java:344)
	at org.eclipse.osgi.internal.loader.ModuleClassLoader.loadClass(ModuleClassLoader.java:160)
	at java.lang.ClassLoader.loadClass(ClassLoader.java:357)
	at java.lang.Class.forName0(Native Method)
	at java.lang.Class.forName(Class.java:264)
	at com.sun.prism.GraphicsPipeline.createPipeline(GraphicsPipeline.java:187)
	at com.sun.javafx.tk.quantum.QuantumRenderer$PipelineRunnable.init(QuantumRenderer.java:91)
	at com.sun.javafx.tk.quantum.QuantumRenderer$PipelineRunnable.run(QuantumRenderer.java:124)
	at java.lang.Thread.run(Thread.java:745)

!ENTRY org.eclipse.osgi 2 0 2016-01-30 16:58:18.363
!MESSAGE While loading class "com.sun.prism.es2.GLPixelFormat$Attributes", thread "Thread[QuantumRenderer-0,5,main]" timed out waiting (5000ms) for thread "Thread[Start Level: Equinox Container: 90db4c38-6ac7-0015-147e-efc00ae1e7c9,5,main]" to finish starting bundle "m2dl.osgi.editor_1.0.0 [16]". To avoid deadlock, thread "Thread[QuantumRenderer-0,5,main]" is proceeding but "com.sun.prism.es2.GLPixelFormat$Attributes" may not be fully initialized.
!STACK 0
org.osgi.framework.BundleException: Unable to acquire the state change lock for the module: osgi.identity; osgi.identity="m2dl.osgi.editor"; type="osgi.bundle"; version:Version="1.0.0"; singleton:="true" [id=16] STARTED [STARTED]
	at org.eclipse.osgi.container.Module.lockStateChange(Module.java:329)
	at org.eclipse.osgi.container.Module.start(Module.java:389)
	at org.eclipse.osgi.framework.util.SecureAction.start(SecureAction.java:454)
	at org.eclipse.osgi.internal.hooks.EclipseLazyStarter.postFindLocalClass(EclipseLazyStarter.java:107)
	at org.eclipse.osgi.internal.loader.classpath.ClasspathManager.findLocalClass(ClasspathManager.java:531)
	at org.eclipse.osgi.internal.loader.ModuleClassLoader.findLocalClass(ModuleClassLoader.java:324)
	at org.eclipse.osgi.internal.loader.BundleLoader.findLocalClass(BundleLoader.java:327)
	at org.eclipse.osgi.internal.loader.BundleLoader.findClassInternal(BundleLoader.java:402)
	at org.eclipse.osgi.internal.loader.BundleLoader.findClass(BundleLoader.java:352)
	at org.eclipse.osgi.internal.loader.BundleLoader.findClass(BundleLoader.java:344)
	at org.eclipse.osgi.internal.loader.ModuleClassLoader.loadClass(ModuleClassLoader.java:160)
	at java.lang.ClassLoader.loadClass(ClassLoader.java:357)
	at com.sun.prism.es2.ES2Pipeline.<clinit>(ES2Pipeline.java:43)
	at java.lang.Class.forName0(Native Method)
	at java.lang.Class.forName(Class.java:264)
	at com.sun.prism.GraphicsPipeline.createPipeline(GraphicsPipeline.java:187)
	at com.sun.javafx.tk.quantum.QuantumRenderer$PipelineRunnable.init(QuantumRenderer.java:91)
	at com.sun.javafx.tk.quantum.QuantumRenderer$PipelineRunnable.run(QuantumRenderer.java:124)
	at java.lang.Thread.run(Thread.java:745)

!ENTRY org.eclipse.osgi 2 0 2016-01-30 16:58:23.366
!MESSAGE While loading class "com.sun.prism.es2.GLPixelFormat", thread "Thread[QuantumRenderer-0,5,main]" timed out waiting (5000ms) for thread "Thread[Start Level: Equinox Container: 90db4c38-6ac7-0015-147e-efc00ae1e7c9,5,main]" to finish starting bundle "m2dl.osgi.editor_1.0.0 [16]". To avoid deadlock, thread "Thread[QuantumRenderer-0,5,main]" is proceeding but "com.sun.prism.es2.GLPixelFormat" may not be fully initialized.
!STACK 0
org.osgi.framework.BundleException: Unable to acquire the state change lock for the module: osgi.identity; osgi.identity="m2dl.osgi.editor"; type="osgi.bundle"; version:Version="1.0.0"; singleton:="true" [id=16] STARTED [STARTED]
	at org.eclipse.osgi.container.Module.lockStateChange(Module.java:329)
	at org.eclipse.osgi.container.Module.start(Module.java:389)
	at org.eclipse.osgi.framework.util.SecureAction.start(SecureAction.java:454)
	at org.eclipse.osgi.internal.hooks.EclipseLazyStarter.postFindLocalClass(EclipseLazyStarter.java:107)
	at org.eclipse.osgi.internal.loader.classpath.ClasspathManager.findLocalClass(ClasspathManager.java:531)
	at org.eclipse.osgi.internal.loader.ModuleClassLoader.findLocalClass(ModuleClassLoader.java:324)
	at org.eclipse.osgi.internal.loader.BundleLoader.findLocalClass(BundleLoader.java:327)
	at org.eclipse.osgi.internal.loader.BundleLoader.findClassInternal(BundleLoader.java:402)
	at org.eclipse.osgi.internal.loader.BundleLoader.findClass(BundleLoader.java:352)
	at org.eclipse.osgi.internal.loader.BundleLoader.findClass(BundleLoader.java:344)
	at org.eclipse.osgi.internal.loader.ModuleClassLoader.loadClass(ModuleClassLoader.java:160)
	at java.lang.ClassLoader.loadClass(ClassLoader.java:357)
	at com.sun.prism.es2.GLPixelFormat$Attributes.<init>(GLPixelFormat.java:94)
	at com.sun.prism.es2.ES2Pipeline.<clinit>(ES2Pipeline.java:43)
	at java.lang.Class.forName0(Native Method)
	at java.lang.Class.forName(Class.java:264)
	at com.sun.prism.GraphicsPipeline.createPipeline(GraphicsPipeline.java:187)
	at com.sun.javafx.tk.quantum.QuantumRenderer$PipelineRunnable.init(QuantumRenderer.java:91)
	at com.sun.javafx.tk.quantum.QuantumRenderer$PipelineRunnable.run(QuantumRenderer.java:124)
	at java.lang.Thread.run(Thread.java:745)

!ENTRY org.eclipse.osgi 2 0 2016-01-30 16:58:28.372
!MESSAGE While loading class "com.sun.glass.utils.NativeLibLoader", thread "Thread[QuantumRenderer-0,5,main]" timed out waiting (5000ms) for thread "Thread[Start Level: Equinox Container: 90db4c38-6ac7-0015-147e-efc00ae1e7c9,5,main]" to finish starting bundle "m2dl.osgi.editor_1.0.0 [16]". To avoid deadlock, thread "Thread[QuantumRenderer-0,5,main]" is proceeding but "com.sun.glass.utils.NativeLibLoader" may not be fully initialized.
!STACK 0
org.osgi.framework.BundleException: Unable to acquire the state change lock for the module: osgi.identity; osgi.identity="m2dl.osgi.editor"; type="osgi.bundle"; version:Version="1.0.0"; singleton:="true" [id=16] STARTED [STARTED]
	at org.eclipse.osgi.container.Module.lockStateChange(Module.java:329)
	at org.eclipse.osgi.container.Module.start(Module.java:389)
	at org.eclipse.osgi.framework.util.SecureAction.start(SecureAction.java:454)
	at org.eclipse.osgi.internal.hooks.EclipseLazyStarter.postFindLocalClass(EclipseLazyStarter.java:107)
	at org.eclipse.osgi.internal.loader.classpath.ClasspathManager.findLocalClass(ClasspathManager.java:531)
	at org.eclipse.osgi.internal.loader.ModuleClassLoader.findLocalClass(ModuleClassLoader.java:324)
	at org.eclipse.osgi.internal.loader.BundleLoader.findLocalClass(BundleLoader.java:327)
	at org.eclipse.osgi.internal.loader.BundleLoader.findClassInternal(BundleLoader.java:402)
	at org.eclipse.osgi.internal.loader.BundleLoader.findClass(BundleLoader.java:352)
	at org.eclipse.osgi.internal.loader.BundleLoader.findClass(BundleLoader.java:344)
	at org.eclipse.osgi.internal.loader.ModuleClassLoader.loadClass(ModuleClassLoader.java:160)
	at java.lang.ClassLoader.loadClass(ClassLoader.java:357)
	at com.sun.prism.es2.ES2Pipeline.lambda$static$465(ES2Pipeline.java:68)
	at java.security.AccessController.doPrivileged(Native Method)
	at com.sun.prism.es2.ES2Pipeline.<clinit>(ES2Pipeline.java:50)
	at java.lang.Class.forName0(Native Method)
	at java.lang.Class.forName(Class.java:264)
	at com.sun.prism.GraphicsPipeline.createPipeline(GraphicsPipeline.java:187)
	at com.sun.javafx.tk.quantum.QuantumRenderer$PipelineRunnable.init(QuantumRenderer.java:91)
	at com.sun.javafx.tk.quantum.QuantumRenderer$PipelineRunnable.run(QuantumRenderer.java:124)
	at java.lang.Thread.run(Thread.java:745)

!ENTRY org.eclipse.osgi 2 0 2016-01-30 16:58:33.392
!MESSAGE While loading class "com.sun.prism.es2.GLFactory", thread "Thread[QuantumRenderer-0,5,main]" timed out waiting (5001ms) for thread "Thread[Start Level: Equinox Container: 90db4c38-6ac7-0015-147e-efc00ae1e7c9,5,main]" to finish starting bundle "m2dl.osgi.editor_1.0.0 [16]". To avoid deadlock, thread "Thread[QuantumRenderer-0,5,main]" is proceeding but "com.sun.prism.es2.GLFactory" may not be fully initialized.
!STACK 0
org.osgi.framework.BundleException: Unable to acquire the state change lock for the module: osgi.identity; osgi.identity="m2dl.osgi.editor"; type="osgi.bundle"; version:Version="1.0.0"; singleton:="true" [id=16] STARTED [STARTED]
	at org.eclipse.osgi.container.Module.lockStateChange(Module.java:329)
	at org.eclipse.osgi.container.Module.start(Module.java:389)
	at org.eclipse.osgi.framework.util.SecureAction.start(SecureAction.java:454)
	at org.eclipse.osgi.internal.hooks.EclipseLazyStarter.postFindLocalClass(EclipseLazyStarter.java:107)
	at org.eclipse.osgi.internal.loader.classpath.ClasspathManager.findLocalClass(ClasspathManager.java:531)
	at org.eclipse.osgi.internal.loader.ModuleClassLoader.findLocalClass(ModuleClassLoader.java:324)
	at org.eclipse.osgi.internal.loader.BundleLoader.findLocalClass(BundleLoader.java:327)
	at org.eclipse.osgi.internal.loader.BundleLoader.findClassInternal(BundleLoader.java:402)
	at org.eclipse.osgi.internal.loader.BundleLoader.findClass(BundleLoader.java:352)
	at org.eclipse.osgi.internal.loader.BundleLoader.findClass(BundleLoader.java:344)
	at org.eclipse.osgi.internal.loader.ModuleClassLoader.loadClass(ModuleClassLoader.java:160)
	at java.lang.ClassLoader.loadClass(ClassLoader.java:357)
	at com.sun.prism.es2.ES2Pipeline.<clinit>(ES2Pipeline.java:76)
	at java.lang.Class.forName0(Native Method)
	at java.lang.Class.forName(Class.java:264)
	at com.sun.prism.GraphicsPipeline.createPipeline(GraphicsPipeline.java:187)
	at com.sun.javafx.tk.quantum.QuantumRenderer$PipelineRunnable.init(QuantumRenderer.java:91)
	at com.sun.javafx.tk.quantum.QuantumRenderer$PipelineRunnable.run(QuantumRenderer.java:124)
	at java.lang.Thread.run(Thread.java:745)

!ENTRY org.eclipse.osgi 2 0 2016-01-30 16:58:38.396
!MESSAGE While loading class "com.sun.prism.es2.GLFactory$FactoryLoader", thread "Thread[QuantumRenderer-0,5,main]" timed out waiting (5001ms) for thread "Thread[Start Level: Equinox Container: 90db4c38-6ac7-0015-147e-efc00ae1e7c9,5,main]" to finish starting bundle "m2dl.osgi.editor_1.0.0 [16]". To avoid deadlock, thread "Thread[QuantumRenderer-0,5,main]" is proceeding but "com.sun.prism.es2.GLFactory$FactoryLoader" may not be fully initialized.
!STACK 0
org.osgi.framework.BundleException: Unable to acquire the state change lock for the module: osgi.identity; osgi.identity="m2dl.osgi.editor"; type="osgi.bundle"; version:Version="1.0.0"; singleton:="true" [id=16] STARTED [STARTED]
	at org.eclipse.osgi.container.Module.lockStateChange(Module.java:329)
	at org.eclipse.osgi.container.Module.start(Module.java:389)
	at org.eclipse.osgi.framework.util.SecureAction.start(SecureAction.java:454)
	at org.eclipse.osgi.internal.hooks.EclipseLazyStarter.postFindLocalClass(EclipseLazyStarter.java:107)
	at org.eclipse.osgi.internal.loader.classpath.ClasspathManager.findLocalClass(ClasspathManager.java:531)
	at org.eclipse.osgi.internal.loader.ModuleClassLoader.findLocalClass(ModuleClassLoader.java:324)
	at org.eclipse.osgi.internal.loader.BundleLoader.findLocalClass(BundleLoader.java:327)
	at org.eclipse.osgi.internal.loader.BundleLoader.findClassInternal(BundleLoader.java:402)
	at org.eclipse.osgi.internal.loader.BundleLoader.findClass(BundleLoader.java:352)
	at org.eclipse.osgi.internal.loader.BundleLoader.findClass(BundleLoader.java:344)
	at org.eclipse.osgi.internal.loader.ModuleClassLoader.loadClass(ModuleClassLoader.java:160)
	at java.lang.ClassLoader.loadClass(ClassLoader.java:357)
	at com.sun.prism.es2.GLFactory.<clinit>(GLFactory.java:96)
	at com.sun.prism.es2.ES2Pipeline.<clinit>(ES2Pipeline.java:76)
	at java.lang.Class.forName0(Native Method)
	at java.lang.Class.forName(Class.java:264)
	at com.sun.prism.GraphicsPipeline.createPipeline(GraphicsPipeline.java:187)
	at com.sun.javafx.tk.quantum.QuantumRenderer$PipelineRunnable.init(QuantumRenderer.java:91)
	at com.sun.javafx.tk.quantum.QuantumRenderer$PipelineRunnable.run(QuantumRenderer.java:124)
	at java.lang.Thread.run(Thread.java:745)

!ENTRY org.eclipse.osgi 2 0 2016-01-30 16:58:43.400
!MESSAGE While loading class "com.sun.prism.es2.X11GLFactory", thread "Thread[QuantumRenderer-0,5,main]" timed out waiting (5000ms) for thread "Thread[Start Level: Equinox Container: 90db4c38-6ac7-0015-147e-efc00ae1e7c9,5,main]" to finish starting bundle "m2dl.osgi.editor_1.0.0 [16]". To avoid deadlock, thread "Thread[QuantumRenderer-0,5,main]" is proceeding but "com.sun.prism.es2.X11GLFactory" may not be fully initialized.
!STACK 0
org.osgi.framework.BundleException: Unable to acquire the state change lock for the module: osgi.identity; osgi.identity="m2dl.osgi.editor"; type="osgi.bundle"; version:Version="1.0.0"; singleton:="true" [id=16] STARTED [STARTED]
	at org.eclipse.osgi.container.Module.lockStateChange(Module.java:329)
	at org.eclipse.osgi.container.Module.start(Module.java:389)
	at org.eclipse.osgi.framework.util.SecureAction.start(SecureAction.java:454)
	at org.eclipse.osgi.internal.hooks.EclipseLazyStarter.postFindLocalClass(EclipseLazyStarter.java:107)
	at org.eclipse.osgi.internal.loader.classpath.ClasspathManager.findLocalClass(ClasspathManager.java:531)
	at org.eclipse.osgi.internal.loader.ModuleClassLoader.findLocalClass(ModuleClassLoader.java:324)
	at org.eclipse.osgi.internal.loader.BundleLoader.findLocalClass(BundleLoader.java:327)
	at org.eclipse.osgi.internal.loader.BundleLoader.findClassInternal(BundleLoader.java:402)
	at org.eclipse.osgi.internal.loader.BundleLoader.findClass(BundleLoader.java:352)
	at org.eclipse.osgi.internal.loader.BundleLoader.findClass(BundleLoader.java:344)
	at org.eclipse.osgi.internal.loader.ModuleClassLoader.loadClass(ModuleClassLoader.java:160)
	at java.lang.ClassLoader.loadClass(ClassLoader.java:357)
	at java.lang.Class.forName0(Native Method)
	at java.lang.Class.forName(Class.java:264)
	at com.sun.prism.es2.GLFactory$FactoryLoader.run(GLFactory.java:108)
	at com.sun.prism.es2.GLFactory$FactoryLoader.run(GLFactory.java:100)
	at java.security.AccessController.doPrivileged(Native Method)
	at com.sun.prism.es2.GLFactory.<clinit>(GLFactory.java:97)
	at com.sun.prism.es2.ES2Pipeline.<clinit>(ES2Pipeline.java:76)
	at java.lang.Class.forName0(Native Method)
	at java.lang.Class.forName(Class.java:264)
	at com.sun.prism.GraphicsPipeline.createPipeline(GraphicsPipeline.java:187)
	at com.sun.javafx.tk.quantum.QuantumRenderer$PipelineRunnable.init(QuantumRenderer.java:91)
	at com.sun.javafx.tk.quantum.QuantumRenderer$PipelineRunnable.run(QuantumRenderer.java:124)
	at java.lang.Thread.run(Thread.java:745)

!ENTRY org.eclipse.osgi 2 0 2016-01-30 16:58:48.405
!MESSAGE While loading class "com.sun.prism.es2.GLContext", thread "Thread[QuantumRenderer-0,5,main]" timed out waiting (5001ms) for thread "Thread[Start Level: Equinox Container: 90db4c38-6ac7-0015-147e-efc00ae1e7c9,5,main]" to finish starting bundle "m2dl.osgi.editor_1.0.0 [16]". To avoid deadlock, thread "Thread[QuantumRenderer-0,5,main]" is proceeding but "com.sun.prism.es2.GLContext" may not be fully initialized.
!STACK 0
org.osgi.framework.BundleException: Unable to acquire the state change lock for the module: osgi.identity; osgi.identity="m2dl.osgi.editor"; type="osgi.bundle"; version:Version="1.0.0"; singleton:="true" [id=16] STARTED [STARTED]
	at org.eclipse.osgi.container.Module.lockStateChange(Module.java:329)
	at org.eclipse.osgi.container.Module.start(Module.java:389)
	at org.eclipse.osgi.framework.util.SecureAction.start(SecureAction.java:454)
	at org.eclipse.osgi.internal.hooks.EclipseLazyStarter.postFindLocalClass(EclipseLazyStarter.java:107)
	at org.eclipse.osgi.internal.loader.classpath.ClasspathManager.findLocalClass(ClasspathManager.java:531)
	at org.eclipse.osgi.internal.loader.ModuleClassLoader.findLocalClass(ModuleClassLoader.java:324)
	at org.eclipse.osgi.internal.loader.BundleLoader.findLocalClass(BundleLoader.java:327)
	at org.eclipse.osgi.internal.loader.BundleLoader.findClassInternal(BundleLoader.java:402)
	at org.eclipse.osgi.internal.loader.BundleLoader.findClass(BundleLoader.java:352)
	at org.eclipse.osgi.internal.loader.BundleLoader.findClass(BundleLoader.java:344)
	at org.eclipse.osgi.internal.loader.ModuleClassLoader.loadClass(ModuleClassLoader.java:160)
	at java.lang.ClassLoader.loadClass(ClassLoader.java:357)
	at java.lang.Class.forName0(Native Method)
	at java.lang.Class.forName(Class.java:264)
	at com.sun.prism.es2.GLFactory$FactoryLoader.run(GLFactory.java:108)
	at com.sun.prism.es2.GLFactory$FactoryLoader.run(GLFactory.java:100)
	at java.security.AccessController.doPrivileged(Native Method)
	at com.sun.prism.es2.GLFactory.<clinit>(GLFactory.java:97)
	at com.sun.prism.es2.ES2Pipeline.<clinit>(ES2Pipeline.java:76)
	at java.lang.Class.forName0(Native Method)
	at java.lang.Class.forName(Class.java:264)
	at com.sun.prism.GraphicsPipeline.createPipeline(GraphicsPipeline.java:187)
	at com.sun.javafx.tk.quantum.QuantumRenderer$PipelineRunnable.init(QuantumRenderer.java:91)
	at com.sun.javafx.tk.quantum.QuantumRenderer$PipelineRunnable.run(QuantumRenderer.java:124)
	at java.lang.Thread.run(Thread.java:745)

!ENTRY org.eclipse.osgi 2 0 2016-01-30 16:58:53.408
!MESSAGE While loading class "com.sun.prism.es2.X11GLContext", thread "Thread[QuantumRenderer-0,5,main]" timed out waiting (5001ms) for thread "Thread[Start Level: Equinox Container: 90db4c38-6ac7-0015-147e-efc00ae1e7c9,5,main]" to finish starting bundle "m2dl.osgi.editor_1.0.0 [16]". To avoid deadlock, thread "Thread[QuantumRenderer-0,5,main]" is proceeding but "com.sun.prism.es2.X11GLContext" may not be fully initialized.
!STACK 0
org.osgi.framework.BundleException: Unable to acquire the state change lock for the module: osgi.identity; osgi.identity="m2dl.osgi.editor"; type="osgi.bundle"; version:Version="1.0.0"; singleton:="true" [id=16] STARTED [STARTED]
	at org.eclipse.osgi.container.Module.lockStateChange(Module.java:329)
	at org.eclipse.osgi.container.Module.start(Module.java:389)
	at org.eclipse.osgi.framework.util.SecureAction.start(SecureAction.java:454)
	at org.eclipse.osgi.internal.hooks.EclipseLazyStarter.postFindLocalClass(EclipseLazyStarter.java:107)
	at org.eclipse.osgi.internal.loader.classpath.ClasspathManager.findLocalClass(ClasspathManager.java:531)
	at org.eclipse.osgi.internal.loader.ModuleClassLoader.findLocalClass(ModuleClassLoader.java:324)
	at org.eclipse.osgi.internal.loader.BundleLoader.findLocalClass(BundleLoader.java:327)
	at org.eclipse.osgi.internal.loader.BundleLoader.findClassInternal(BundleLoader.java:402)
	at org.eclipse.osgi.internal.loader.BundleLoader.findClass(BundleLoader.java:352)
	at org.eclipse.osgi.internal.loader.BundleLoader.findClass(BundleLoader.java:344)
	at org.eclipse.osgi.internal.loader.ModuleClassLoader.loadClass(ModuleClassLoader.java:160)
	at java.lang.ClassLoader.loadClass(ClassLoader.java:357)
	at java.lang.Class.forName0(Native Method)
	at java.lang.Class.forName(Class.java:264)
	at com.sun.prism.es2.GLFactory$FactoryLoader.run(GLFactory.java:108)
	at com.sun.prism.es2.GLFactory$FactoryLoader.run(GLFactory.java:100)
	at java.security.AccessController.doPrivileged(Native Method)
	at com.sun.prism.es2.GLFactory.<clinit>(GLFactory.java:97)
	at com.sun.prism.es2.ES2Pipeline.<clinit>(ES2Pipeline.java:76)
	at java.lang.Class.forName0(Native Method)
	at java.lang.Class.forName(Class.java:264)
	at com.sun.prism.GraphicsPipeline.createPipeline(GraphicsPipeline.java:187)
	at com.sun.javafx.tk.quantum.QuantumRenderer$PipelineRunnable.init(QuantumRenderer.java:91)
	at com.sun.javafx.tk.quantum.QuantumRenderer$PipelineRunnable.run(QuantumRenderer.java:124)
	at java.lang.Thread.run(Thread.java:745)

!ENTRY org.eclipse.osgi 2 0 2016-01-30 16:58:58.411
!MESSAGE While loading class "com.sun.prism.es2.GLDrawable", thread "Thread[QuantumRenderer-0,5,main]" timed out waiting (5001ms) for thread "Thread[Start Level: Equinox Container: 90db4c38-6ac7-0015-147e-efc00ae1e7c9,5,main]" to finish starting bundle "m2dl.osgi.editor_1.0.0 [16]". To avoid deadlock, thread "Thread[QuantumRenderer-0,5,main]" is proceeding but "com.sun.prism.es2.GLDrawable" may not be fully initialized.
!STACK 0
org.osgi.framework.BundleException: Unable to acquire the state change lock for the module: osgi.identity; osgi.identity="m2dl.osgi.editor"; type="osgi.bundle"; version:Version="1.0.0"; singleton:="true" [id=16] STARTED [STARTED]
	at org.eclipse.osgi.container.Module.lockStateChange(Module.java:329)
	at org.eclipse.osgi.container.Module.start(Module.java:389)
	at org.eclipse.osgi.framework.util.SecureAction.start(SecureAction.java:454)
	at org.eclipse.osgi.internal.hooks.EclipseLazyStarter.postFindLocalClass(EclipseLazyStarter.java:107)
	at org.eclipse.osgi.internal.loader.classpath.ClasspathManager.findLocalClass(ClasspathManager.java:531)
	at org.eclipse.osgi.internal.loader.ModuleClassLoader.findLocalClass(ModuleClassLoader.java:324)
	at org.eclipse.osgi.internal.loader.BundleLoader.findLocalClass(BundleLoader.java:327)
	at org.eclipse.osgi.internal.loader.BundleLoader.findClassInternal(BundleLoader.java:402)
	at org.eclipse.osgi.internal.loader.BundleLoader.findClass(BundleLoader.java:352)
	at org.eclipse.osgi.internal.loader.BundleLoader.findClass(BundleLoader.java:344)
	at org.eclipse.osgi.internal.loader.ModuleClassLoader.loadClass(ModuleClassLoader.java:160)
	at java.lang.ClassLoader.loadClass(ClassLoader.java:357)
	at java.lang.Class.forName0(Native Method)
	at java.lang.Class.forName(Class.java:264)
	at com.sun.prism.es2.GLFactory$FactoryLoader.run(GLFactory.java:108)
	at com.sun.prism.es2.GLFactory$FactoryLoader.run(GLFactory.java:100)
	at java.security.AccessController.doPrivileged(Native Method)
	at com.sun.prism.es2.GLFactory.<clinit>(GLFactory.java:97)
	at com.sun.prism.es2.ES2Pipeline.<clinit>(ES2Pipeline.java:76)
	at java.lang.Class.forName0(Native Method)
	at java.lang.Class.forName(Class.java:264)
	at com.sun.prism.GraphicsPipeline.createPipeline(GraphicsPipeline.java:187)
	at com.sun.javafx.tk.quantum.QuantumRenderer$PipelineRunnable.init(QuantumRenderer.java:91)
	at com.sun.javafx.tk.quantum.QuantumRenderer$PipelineRunnable.run(QuantumRenderer.java:124)
	at java.lang.Thread.run(Thread.java:745)

!ENTRY org.eclipse.osgi 2 0 2016-01-30 16:59:03.414
!MESSAGE While loading class "com.sun.prism.es2.X11GLDrawable", thread "Thread[QuantumRenderer-0,5,main]" timed out waiting (5000ms) for thread "Thread[Start Level: Equinox Container: 90db4c38-6ac7-0015-147e-efc00ae1e7c9,5,main]" to finish starting bundle "m2dl.osgi.editor_1.0.0 [16]". To avoid deadlock, thread "Thread[QuantumRenderer-0,5,main]" is proceeding but "com.sun.prism.es2.X11GLDrawable" may not be fully initialized.
!STACK 0
org.osgi.framework.BundleException: Unable to acquire the state change lock for the module: osgi.identity; osgi.identity="m2dl.osgi.editor"; type="osgi.bundle"; version:Version="1.0.0"; singleton:="true" [id=16] STARTED [STARTED]
	at org.eclipse.osgi.container.Module.lockStateChange(Module.java:329)
	at org.eclipse.osgi.container.Module.start(Module.java:389)
	at org.eclipse.osgi.framework.util.SecureAction.start(SecureAction.java:454)
	at org.eclipse.osgi.internal.hooks.EclipseLazyStarter.postFindLocalClass(EclipseLazyStarter.java:107)
	at org.eclipse.osgi.internal.loader.classpath.ClasspathManager.findLocalClass(ClasspathManager.java:531)
	at org.eclipse.osgi.internal.loader.ModuleClassLoader.findLocalClass(ModuleClassLoader.java:324)
	at org.eclipse.osgi.internal.loader.BundleLoader.findLocalClass(BundleLoader.java:327)
	at org.eclipse.osgi.internal.loader.BundleLoader.findClassInternal(BundleLoader.java:402)
	at org.eclipse.osgi.internal.loader.BundleLoader.findClass(BundleLoader.java:352)
	at org.eclipse.osgi.internal.loader.BundleLoader.findClass(BundleLoader.java:344)
	at org.eclipse.osgi.internal.loader.ModuleClassLoader.loadClass(ModuleClassLoader.java:160)
	at java.lang.ClassLoader.loadClass(ClassLoader.java:357)
	at java.lang.Class.forName0(Native Method)
	at java.lang.Class.forName(Class.java:264)
	at com.sun.prism.es2.GLFactory$FactoryLoader.run(GLFactory.java:108)
	at com.sun.prism.es2.GLFactory$FactoryLoader.run(GLFactory.java:100)
	at java.security.AccessController.doPrivileged(Native Method)
	at com.sun.prism.es2.GLFactory.<clinit>(GLFactory.java:97)
	at com.sun.prism.es2.ES2Pipeline.<clinit>(ES2Pipeline.java:76)
	at java.lang.Class.forName0(Native Method)
	at java.lang.Class.forName(Class.java:264)
	at com.sun.prism.GraphicsPipeline.createPipeline(GraphicsPipeline.java:187)
	at com.sun.javafx.tk.quantum.QuantumRenderer$PipelineRunnable.init(QuantumRenderer.java:91)
	at com.sun.javafx.tk.quantum.QuantumRenderer$PipelineRunnable.run(QuantumRenderer.java:124)
	at java.lang.Thread.run(Thread.java:745)

!ENTRY org.eclipse.osgi 2 0 2016-01-30 16:59:08.416
!MESSAGE While loading class "com.sun.prism.es2.X11GLPixelFormat", thread "Thread[QuantumRenderer-0,5,main]" timed out waiting (5001ms) for thread "Thread[Start Level: Equinox Container: 90db4c38-6ac7-0015-147e-efc00ae1e7c9,5,main]" to finish starting bundle "m2dl.osgi.editor_1.0.0 [16]". To avoid deadlock, thread "Thread[QuantumRenderer-0,5,main]" is proceeding but "com.sun.prism.es2.X11GLPixelFormat" may not be fully initialized.
!STACK 0
org.osgi.framework.BundleException: Unable to acquire the state change lock for the module: osgi.identity; osgi.identity="m2dl.osgi.editor"; type="osgi.bundle"; version:Version="1.0.0"; singleton:="true" [id=16] STARTED [STARTED]
	at org.eclipse.osgi.container.Module.lockStateChange(Module.java:329)
	at org.eclipse.osgi.container.Module.start(Module.java:389)
	at org.eclipse.osgi.framework.util.SecureAction.start(SecureAction.java:454)
	at org.eclipse.osgi.internal.hooks.EclipseLazyStarter.postFindLocalClass(EclipseLazyStarter.java:107)
	at org.eclipse.osgi.internal.loader.classpath.ClasspathManager.findLocalClass(ClasspathManager.java:531)
	at org.eclipse.osgi.internal.loader.ModuleClassLoader.findLocalClass(ModuleClassLoader.java:324)
	at org.eclipse.osgi.internal.loader.BundleLoader.findLocalClass(BundleLoader.java:327)
	at org.eclipse.osgi.internal.loader.BundleLoader.findClassInternal(BundleLoader.java:402)
	at org.eclipse.osgi.internal.loader.BundleLoader.findClass(BundleLoader.java:352)
	at org.eclipse.osgi.internal.loader.BundleLoader.findClass(BundleLoader.java:344)
	at org.eclipse.osgi.internal.loader.ModuleClassLoader.loadClass(ModuleClassLoader.java:160)
	at java.lang.ClassLoader.loadClass(ClassLoader.java:357)
	at java.lang.Class.forName0(Native Method)
	at java.lang.Class.forName(Class.java:264)
	at com.sun.prism.es2.GLFactory$FactoryLoader.run(GLFactory.java:108)
	at com.sun.prism.es2.GLFactory$FactoryLoader.run(GLFactory.java:100)
	at java.security.AccessController.doPrivileged(Native Method)
	at com.sun.prism.es2.GLFactory.<clinit>(GLFactory.java:97)
	at com.sun.prism.es2.ES2Pipeline.<clinit>(ES2Pipeline.java:76)
	at java.lang.Class.forName0(Native Method)
	at java.lang.Class.forName(Class.java:264)
	at com.sun.prism.GraphicsPipeline.createPipeline(GraphicsPipeline.java:187)
	at com.sun.javafx.tk.quantum.QuantumRenderer$PipelineRunnable.init(QuantumRenderer.java:91)
	at com.sun.javafx.tk.quantum.QuantumRenderer$PipelineRunnable.run(QuantumRenderer.java:124)
	at java.lang.Thread.run(Thread.java:745)

!ENTRY org.eclipse.osgi 2 0 2016-01-30 16:59:13.418
!MESSAGE While loading class "com.sun.prism.es2.GLGPUInfo", thread "Thread[QuantumRenderer-0,5,main]" timed out waiting (5000ms) for thread "Thread[Start Level: Equinox Container: 90db4c38-6ac7-0015-147e-efc00ae1e7c9,5,main]" to finish starting bundle "m2dl.osgi.editor_1.0.0 [16]". To avoid deadlock, thread "Thread[QuantumRenderer-0,5,main]" is proceeding but "com.sun.prism.es2.GLGPUInfo" may not be fully initialized.
!STACK 0
org.osgi.framework.BundleException: Unable to acquire the state change lock for the module: osgi.identity; osgi.identity="m2dl.osgi.editor"; type="osgi.bundle"; version:Version="1.0.0"; singleton:="true" [id=16] STARTED [STARTED]
	at org.eclipse.osgi.container.Module.lockStateChange(Module.java:329)
	at org.eclipse.osgi.container.Module.start(Module.java:389)
	at org.eclipse.osgi.framework.util.SecureAction.start(SecureAction.java:454)
	at org.eclipse.osgi.internal.hooks.EclipseLazyStarter.postFindLocalClass(EclipseLazyStarter.java:107)
	at org.eclipse.osgi.internal.loader.classpath.ClasspathManager.findLocalClass(ClasspathManager.java:531)
	at org.eclipse.osgi.internal.loader.ModuleClassLoader.findLocalClass(ModuleClassLoader.java:324)
	at org.eclipse.osgi.internal.loader.BundleLoader.findLocalClass(BundleLoader.java:327)
	at org.eclipse.osgi.internal.loader.BundleLoader.findClassInternal(BundleLoader.java:402)
	at org.eclipse.osgi.internal.loader.BundleLoader.findClass(BundleLoader.java:352)
	at org.eclipse.osgi.internal.loader.BundleLoader.findClass(BundleLoader.java:344)
	at org.eclipse.osgi.internal.loader.ModuleClassLoader.loadClass(ModuleClassLoader.java:160)
	at java.lang.ClassLoader.loadClass(ClassLoader.java:357)
	at com.sun.prism.es2.X11GLFactory.<init>(X11GLFactory.java:42)
	at sun.reflect.NativeConstructorAccessorImpl.newInstance0(Native Method)
	at sun.reflect.NativeConstructorAccessorImpl.newInstance(NativeConstructorAccessorImpl.java:62)
	at sun.reflect.DelegatingConstructorAccessorImpl.newInstance(DelegatingConstructorAccessorImpl.java:45)
	at java.lang.reflect.Constructor.newInstance(Constructor.java:422)
	at java.lang.Class.newInstance(Class.java:442)
	at com.sun.prism.es2.GLFactory$FactoryLoader.run(GLFactory.java:108)
	at com.sun.prism.es2.GLFactory$FactoryLoader.run(GLFactory.java:100)
	at java.security.AccessController.doPrivileged(Native Method)
	at com.sun.prism.es2.GLFactory.<clinit>(GLFactory.java:97)
	at com.sun.prism.es2.ES2Pipeline.<clinit>(ES2Pipeline.java:76)
	at java.lang.Class.forName0(Native Method)
	at java.lang.Class.forName(Class.java:264)
	at com.sun.prism.GraphicsPipeline.createPipeline(GraphicsPipeline.java:187)
	at com.sun.javafx.tk.quantum.QuantumRenderer$PipelineRunnable.init(QuantumRenderer.java:91)
	at com.sun.javafx.tk.quantum.QuantumRenderer$PipelineRunnable.run(QuantumRenderer.java:124)
	at java.lang.Thread.run(Thread.java:745)

!ENTRY org.eclipse.osgi 2 0 2016-01-30 16:59:18.479
!MESSAGE While loading class "com.sun.prism.es2.ES2ResourceFactory", thread "Thread[QuantumRenderer-0,5,main]" timed out waiting (5001ms) for thread "Thread[Start Level: Equinox Container: 90db4c38-6ac7-0015-147e-efc00ae1e7c9,5,main]" to finish starting bundle "m2dl.osgi.editor_1.0.0 [16]". To avoid deadlock, thread "Thread[QuantumRenderer-0,5,main]" is proceeding but "com.sun.prism.es2.ES2ResourceFactory" may not be fully initialized.
!STACK 0
org.osgi.framework.BundleException: Unable to acquire the state change lock for the module: osgi.identity; osgi.identity="m2dl.osgi.editor"; type="osgi.bundle"; version:Version="1.0.0"; singleton:="true" [id=16] STARTED [STARTED]
	at org.eclipse.osgi.container.Module.lockStateChange(Module.java:329)
	at org.eclipse.osgi.container.Module.start(Module.java:389)
	at org.eclipse.osgi.framework.util.SecureAction.start(SecureAction.java:454)
	at org.eclipse.osgi.internal.hooks.EclipseLazyStarter.postFindLocalClass(EclipseLazyStarter.java:107)
	at org.eclipse.osgi.internal.loader.classpath.ClasspathManager.findLocalClass(ClasspathManager.java:531)
	at org.eclipse.osgi.internal.loader.ModuleClassLoader.findLocalClass(ModuleClassLoader.java:324)
	at org.eclipse.osgi.internal.loader.BundleLoader.findLocalClass(BundleLoader.java:327)
	at org.eclipse.osgi.internal.loader.BundleLoader.findClassInternal(BundleLoader.java:402)
	at org.eclipse.osgi.internal.loader.BundleLoader.findClass(BundleLoader.java:352)
	at org.eclipse.osgi.internal.loader.BundleLoader.findClass(BundleLoader.java:344)
	at org.eclipse.osgi.internal.loader.ModuleClassLoader.loadClass(ModuleClassLoader.java:160)
	at java.lang.ClassLoader.loadClass(ClassLoader.java:357)
	at com.sun.prism.es2.ES2Pipeline.<clinit>(ES2Pipeline.java:89)
	at java.lang.Class.forName0(Native Method)
	at java.lang.Class.forName(Class.java:264)
	at com.sun.prism.GraphicsPipeline.createPipeline(GraphicsPipeline.java:187)
	at com.sun.javafx.tk.quantum.QuantumRenderer$PipelineRunnable.init(QuantumRenderer.java:91)
	at com.sun.javafx.tk.quantum.QuantumRenderer$PipelineRunnable.run(QuantumRenderer.java:124)
	at java.lang.Thread.run(Thread.java:745)

!ENTRY org.eclipse.osgi 2 0 2016-01-30 16:59:23.482
!MESSAGE While loading class "com.sun.glass.ui.Screen", thread "Thread[QuantumRenderer-0,5,main]" timed out waiting (5001ms) for thread "Thread[Start Level: Equinox Container: 90db4c38-6ac7-0015-147e-efc00ae1e7c9,5,main]" to finish starting bundle "m2dl.osgi.editor_1.0.0 [16]". To avoid deadlock, thread "Thread[QuantumRenderer-0,5,main]" is proceeding but "com.sun.glass.ui.Screen" may not be fully initialized.
!STACK 0
org.osgi.framework.BundleException: Unable to acquire the state change lock for the module: osgi.identity; osgi.identity="m2dl.osgi.editor"; type="osgi.bundle"; version:Version="1.0.0"; singleton:="true" [id=16] STARTED [STARTED]
	at org.eclipse.osgi.container.Module.lockStateChange(Module.java:329)
	at org.eclipse.osgi.container.Module.start(Module.java:389)
	at org.eclipse.osgi.framework.util.SecureAction.start(SecureAction.java:454)
	at org.eclipse.osgi.internal.hooks.EclipseLazyStarter.postFindLocalClass(EclipseLazyStarter.java:107)
	at org.eclipse.osgi.internal.loader.classpath.ClasspathManager.findLocalClass(ClasspathManager.java:531)
	at org.eclipse.osgi.internal.loader.ModuleClassLoader.findLocalClass(ModuleClassLoader.java:324)
	at org.eclipse.osgi.internal.loader.BundleLoader.findLocalClass(BundleLoader.java:327)
	at org.eclipse.osgi.internal.loader.BundleLoader.findClassInternal(BundleLoader.java:402)
	at org.eclipse.osgi.internal.loader.BundleLoader.findClass(BundleLoader.java:352)
	at org.eclipse.osgi.internal.loader.BundleLoader.findClass(BundleLoader.java:344)
	at org.eclipse.osgi.internal.loader.ModuleClassLoader.loadClass(ModuleClassLoader.java:160)
	at java.lang.ClassLoader.loadClass(ClassLoader.java:357)
	at java.lang.Class.getDeclaredMethods0(Native Method)
	at java.lang.Class.privateGetDeclaredMethods(Class.java:2701)
	at java.lang.Class.privateGetMethodRecursive(Class.java:3048)
	at java.lang.Class.getMethod0(Class.java:3018)
	at java.lang.Class.getMethod(Class.java:1784)
	at com.sun.prism.GraphicsPipeline.createPipeline(GraphicsPipeline.java:191)
	at com.sun.javafx.tk.quantum.QuantumRenderer$PipelineRunnable.init(QuantumRenderer.java:91)
	at com.sun.javafx.tk.quantum.QuantumRenderer$PipelineRunnable.run(QuantumRenderer.java:124)
	at java.lang.Thread.run(Thread.java:745)

!ENTRY org.eclipse.osgi 2 0 2016-01-30 16:59:28.483
!MESSAGE While loading class "com.sun.prism.GraphicsPipeline$ShaderType", thread "Thread[QuantumRenderer-0,5,main]" timed out waiting (5001ms) for thread "Thread[Start Level: Equinox Container: 90db4c38-6ac7-0015-147e-efc00ae1e7c9,5,main]" to finish starting bundle "m2dl.osgi.editor_1.0.0 [16]". To avoid deadlock, thread "Thread[QuantumRenderer-0,5,main]" is proceeding but "com.sun.prism.GraphicsPipeline$ShaderType" may not be fully initialized.
!STACK 0
org.osgi.framework.BundleException: Unable to acquire the state change lock for the module: osgi.identity; osgi.identity="m2dl.osgi.editor"; type="osgi.bundle"; version:Version="1.0.0"; singleton:="true" [id=16] STARTED [STARTED]
	at org.eclipse.osgi.container.Module.lockStateChange(Module.java:329)
	at org.eclipse.osgi.container.Module.start(Module.java:389)
	at org.eclipse.osgi.framework.util.SecureAction.start(SecureAction.java:454)
	at org.eclipse.osgi.internal.hooks.EclipseLazyStarter.postFindLocalClass(EclipseLazyStarter.java:107)
	at org.eclipse.osgi.internal.loader.classpath.ClasspathManager.findLocalClass(ClasspathManager.java:531)
	at org.eclipse.osgi.internal.loader.ModuleClassLoader.findLocalClass(ModuleClassLoader.java:324)
	at org.eclipse.osgi.internal.loader.BundleLoader.findLocalClass(BundleLoader.java:327)
	at org.eclipse.osgi.internal.loader.BundleLoader.findClassInternal(BundleLoader.java:402)
	at org.eclipse.osgi.internal.loader.BundleLoader.findClass(BundleLoader.java:352)
	at org.eclipse.osgi.internal.loader.BundleLoader.findClass(BundleLoader.java:344)
	at org.eclipse.osgi.internal.loader.ModuleClassLoader.loadClass(ModuleClassLoader.java:160)
	at java.lang.ClassLoader.loadClass(ClassLoader.java:357)
	at java.lang.Class.getDeclaredMethods0(Native Method)
	at java.lang.Class.privateGetDeclaredMethods(Class.java:2701)
	at java.lang.Class.privateGetMethodRecursive(Class.java:3048)
	at java.lang.Class.getMethod0(Class.java:3018)
	at java.lang.Class.getMethod(Class.java:1784)
	at com.sun.prism.GraphicsPipeline.createPipeline(GraphicsPipeline.java:191)
	at com.sun.javafx.tk.quantum.QuantumRenderer$PipelineRunnable.init(QuantumRenderer.java:91)
	at com.sun.javafx.tk.quantum.QuantumRenderer$PipelineRunnable.run(QuantumRenderer.java:124)
	at java.lang.Thread.run(Thread.java:745)

!ENTRY org.eclipse.osgi 2 0 2016-01-30 16:59:33.485
!MESSAGE While loading class "com.sun.prism.GraphicsPipeline$ShaderModel", thread "Thread[QuantumRenderer-0,5,main]" timed out waiting (5000ms) for thread "Thread[Start Level: Equinox Container: 90db4c38-6ac7-0015-147e-efc00ae1e7c9,5,main]" to finish starting bundle "m2dl.osgi.editor_1.0.0 [16]". To avoid deadlock, thread "Thread[QuantumRenderer-0,5,main]" is proceeding but "com.sun.prism.GraphicsPipeline$ShaderModel" may not be fully initialized.
!STACK 0
org.osgi.framework.BundleException: Unable to acquire the state change lock for the module: osgi.identity; osgi.identity="m2dl.osgi.editor"; type="osgi.bundle"; version:Version="1.0.0"; singleton:="true" [id=16] STARTED [STARTED]
	at org.eclipse.osgi.container.Module.lockStateChange(Module.java:329)
	at org.eclipse.osgi.container.Module.start(Module.java:389)
	at org.eclipse.osgi.framework.util.SecureAction.start(SecureAction.java:454)
	at org.eclipse.osgi.internal.hooks.EclipseLazyStarter.postFindLocalClass(EclipseLazyStarter.java:107)
	at org.eclipse.osgi.internal.loader.classpath.ClasspathManager.findLocalClass(ClasspathManager.java:531)
	at org.eclipse.osgi.internal.loader.ModuleClassLoader.findLocalClass(ModuleClassLoader.java:324)
	at org.eclipse.osgi.internal.loader.BundleLoader.findLocalClass(BundleLoader.java:327)
	at org.eclipse.osgi.internal.loader.BundleLoader.findClassInternal(BundleLoader.java:402)
	at org.eclipse.osgi.internal.loader.BundleLoader.findClass(BundleLoader.java:352)
	at org.eclipse.osgi.internal.loader.BundleLoader.findClass(BundleLoader.java:344)
	at org.eclipse.osgi.internal.loader.ModuleClassLoader.loadClass(ModuleClassLoader.java:160)
	at java.lang.ClassLoader.loadClass(ClassLoader.java:357)
	at java.lang.Class.getDeclaredMethods0(Native Method)
	at java.lang.Class.privateGetDeclaredMethods(Class.java:2701)
	at java.lang.Class.privateGetMethodRecursive(Class.java:3048)
	at java.lang.Class.getMethod0(Class.java:3018)
	at java.lang.Class.getMethod(Class.java:1784)
	at com.sun.prism.GraphicsPipeline.createPipeline(GraphicsPipeline.java:191)
	at com.sun.javafx.tk.quantum.QuantumRenderer$PipelineRunnable.init(QuantumRenderer.java:91)
	at com.sun.javafx.tk.quantum.QuantumRenderer$PipelineRunnable.run(QuantumRenderer.java:124)
	at java.lang.Thread.run(Thread.java:745)

!ENTRY org.eclipse.osgi 2 0 2016-01-30 16:59:38.526
!MESSAGE While loading class "com.sun.glass.ui.View$Capability", thread "Thread[QuantumRenderer-0,5,main]" timed out waiting (5000ms) for thread "Thread[Start Level: Equinox Container: 90db4c38-6ac7-0015-147e-efc00ae1e7c9,5,main]" to finish starting bundle "m2dl.osgi.editor_1.0.0 [16]". To avoid deadlock, thread "Thread[QuantumRenderer-0,5,main]" is proceeding but "com.sun.glass.ui.View$Capability" may not be fully initialized.
!STACK 0
org.osgi.framework.BundleException: Unable to acquire the state change lock for the module: osgi.identity; osgi.identity="m2dl.osgi.editor"; type="osgi.bundle"; version:Version="1.0.0"; singleton:="true" [id=16] STARTED [STARTED]
	at org.eclipse.osgi.container.Module.lockStateChange(Module.java:329)
	at org.eclipse.osgi.container.Module.start(Module.java:389)
	at org.eclipse.osgi.framework.util.SecureAction.start(SecureAction.java:454)
	at org.eclipse.osgi.internal.hooks.EclipseLazyStarter.postFindLocalClass(EclipseLazyStarter.java:107)
	at org.eclipse.osgi.internal.loader.classpath.ClasspathManager.findLocalClass(ClasspathManager.java:531)
	at org.eclipse.osgi.internal.loader.ModuleClassLoader.findLocalClass(ModuleClassLoader.java:324)
	at org.eclipse.osgi.internal.loader.BundleLoader.findLocalClass(BundleLoader.java:327)
	at org.eclipse.osgi.internal.loader.BundleLoader.findClassInternal(BundleLoader.java:402)
	at org.eclipse.osgi.internal.loader.BundleLoader.findClass(BundleLoader.java:352)
	at org.eclipse.osgi.internal.loader.BundleLoader.findClass(BundleLoader.java:344)
	at org.eclipse.osgi.internal.loader.ModuleClassLoader.loadClass(ModuleClassLoader.java:160)
	at java.lang.ClassLoader.loadClass(ClassLoader.java:357)
	at com.sun.javafx.tk.quantum.QuantumRenderer$PipelineRunnable.init(QuantumRenderer.java:100)
	at com.sun.javafx.tk.quantum.QuantumRenderer$PipelineRunnable.run(QuantumRenderer.java:124)
	at java.lang.Thread.run(Thread.java:745)

!ENTRY org.eclipse.osgi 2 0 2016-01-30 16:59:43.560
!MESSAGE While loading class "com.sun.glass.ui.Application", thread "Thread[QuantumRenderer-0,5,main]" timed out waiting (5001ms) for thread "Thread[Start Level: Equinox Container: 90db4c38-6ac7-0015-147e-efc00ae1e7c9,5,main]" to finish starting bundle "m2dl.osgi.editor_1.0.0 [16]". To avoid deadlock, thread "Thread[QuantumRenderer-0,5,main]" is proceeding but "com.sun.glass.ui.Application" may not be fully initialized.
!STACK 0
org.osgi.framework.BundleException: Unable to acquire the state change lock for the module: osgi.identity; osgi.identity="m2dl.osgi.editor"; type="osgi.bundle"; version:Version="1.0.0"; singleton:="true" [id=16] STARTED [STARTED]
	at org.eclipse.osgi.container.Module.lockStateChange(Module.java:329)
	at org.eclipse.osgi.container.Module.start(Module.java:389)
	at org.eclipse.osgi.framework.util.SecureAction.start(SecureAction.java:454)
	at org.eclipse.osgi.internal.hooks.EclipseLazyStarter.postFindLocalClass(EclipseLazyStarter.java:107)
	at org.eclipse.osgi.internal.loader.classpath.ClasspathManager.findLocalClass(ClasspathManager.java:531)
	at org.eclipse.osgi.internal.loader.ModuleClassLoader.findLocalClass(ModuleClassLoader.java:324)
	at org.eclipse.osgi.internal.loader.BundleLoader.findLocalClass(BundleLoader.java:327)
	at org.eclipse.osgi.internal.loader.BundleLoader.findClassInternal(BundleLoader.java:402)
	at org.eclipse.osgi.internal.loader.BundleLoader.findClass(BundleLoader.java:352)
	at org.eclipse.osgi.internal.loader.BundleLoader.findClass(BundleLoader.java:344)
	at org.eclipse.osgi.internal.loader.ModuleClassLoader.loadClass(ModuleClassLoader.java:160)
	at java.lang.ClassLoader.loadClass(ClassLoader.java:357)
	at com.sun.javafx.tk.quantum.QuantumRenderer$PipelineRunnable.init(QuantumRenderer.java:102)
	at com.sun.javafx.tk.quantum.QuantumRenderer$PipelineRunnable.run(QuantumRenderer.java:124)
	at java.lang.Thread.run(Thread.java:745)
